00:04:49.223 [qtp477937450-22] INFO  io.pedestal.http  - {:msg "GET /", :line 80}
00:04:49.231 [qtp477937450-22] INFO  io.pedestal.http.cors  - {:msg "cors request processing", :origin "", :allowed true, :line 84}
00:04:49.264 [qtp477937450-22] INFO  io.pedestal.http.cors  - {:msg "cors response processing", :cors-headers {"Access-Control-Allow-Origin" "", "Access-Control-Allow-Credentials" "true", "Access-Control-Expose-Headers" "Strict-Transport-Security, X-Frame-Options, X-Content-Type-Options, X-Xss-Protection, X-Download-Options, X-Permitted-Cross-Domain-Policies, Content-Security-Policy, Content-Type"}, :line 111}
00:13:56.142 [qtp477937450-18] INFO  io.pedestal.http  - {:msg "GET /", :line 80}
00:13:56.143 [qtp477937450-18] INFO  io.pedestal.http.cors  - {:msg "cors request processing", :origin "", :allowed true, :line 84}
00:13:56.153 [qtp477937450-18] INFO  io.pedestal.http.cors  - {:msg "cors response processing", :cors-headers {"Access-Control-Allow-Origin" "", "Access-Control-Allow-Credentials" "true", "Access-Control-Expose-Headers" "Strict-Transport-Security, X-Frame-Options, X-Content-Type-Options, X-Xss-Protection, X-Download-Options, X-Permitted-Cross-Domain-Policies, Content-Security-Policy, Content-Type"}, :line 111}
00:14:06.083 [qtp477937450-24] INFO  io.pedestal.http  - {:msg "GET /hello", :line 80}
00:14:06.083 [qtp477937450-24] INFO  io.pedestal.http.cors  - {:msg "cors request processing", :origin "", :allowed true, :line 84}
00:14:06.097 [qtp477937450-24] INFO  io.pedestal.http.cors  - {:msg "cors response processing", :cors-headers {"Access-Control-Allow-Origin" "", "Access-Control-Allow-Credentials" "true", "Access-Control-Expose-Headers" "Strict-Transport-Security, X-Frame-Options, X-Content-Type-Options, X-Xss-Protection, X-Download-Options, X-Permitted-Cross-Domain-Policies, Content-Security-Policy, Content-Type"}, :line 111}
00:34:12.118 [main] INFO  org.eclipse.jetty.util.log  - Logging initialized @7277ms to org.eclipse.jetty.util.log.Slf4jLog
00:34:31.602 [nREPL-worker-0] INFO  org.eclipse.jetty.server.Server  - jetty-9.4.10.v20180503; built: 2018-05-03T15:56:21.710Z; git: daa59876e6f384329b122929e70a80934569428c; jvm 1.8.0_162-b12
00:34:31.647 [nREPL-worker-0] INFO  o.e.j.server.handler.ContextHandler  - Started o.e.j.s.ServletContextHandler@2bb5d91f{/,null,AVAILABLE}
00:34:31.683 [nREPL-worker-0] INFO  o.e.jetty.server.AbstractConnector  - Started ServerConnector@6817edde{HTTP/1.1,[http/1.1, h2c]}{localhost:3701}
00:34:31.684 [nREPL-worker-0] INFO  org.eclipse.jetty.server.Server  - Started @26847ms
00:34:39.789 [qtp984648855-27] INFO  io.pedestal.http  - {:msg "GET /hello", :line 80}
00:34:39.793 [qtp984648855-27] INFO  io.pedestal.http.cors  - {:msg "cors request processing", :origin "", :allowed true, :line 84}
00:34:39.805 [qtp984648855-27] INFO  io.pedestal.http.cors  - {:msg "cors response processing", :cors-headers {"Access-Control-Allow-Origin" "", "Access-Control-Allow-Credentials" "true", "Access-Control-Expose-Headers" "Strict-Transport-Security, X-Frame-Options, X-Content-Type-Options, X-Xss-Protection, X-Download-Options, X-Permitted-Cross-Domain-Policies, Content-Security-Policy, Content-Type"}, :line 111}
00:34:54.914 [qtp984648855-21] INFO  io.pedestal.http  - {:msg "GET /hello", :line 80}
00:34:54.915 [qtp984648855-21] INFO  io.pedestal.http.cors  - {:msg "cors request processing", :origin "", :allowed true, :line 84}
00:34:54.921 [qtp984648855-21] INFO  io.pedestal.http.cors  - {:msg "cors response processing", :cors-headers {"Access-Control-Allow-Origin" "", "Access-Control-Allow-Credentials" "true", "Access-Control-Expose-Headers" "Strict-Transport-Security, X-Frame-Options, X-Content-Type-Options, X-Xss-Protection, X-Download-Options, X-Permitted-Cross-Domain-Policies, Content-Security-Policy, Content-Type"}, :line 111}
00:35:24.233 [nREPL-worker-0] INFO  o.e.jetty.server.AbstractConnector  - Stopped ServerConnector@6817edde{HTTP/1.1,[http/1.1, h2c]}{localhost:3701}
00:35:24.236 [nREPL-worker-0] INFO  o.e.j.server.handler.ContextHandler  - Stopped o.e.j.s.ServletContextHandler@2bb5d91f{/,null,UNAVAILABLE}
00:35:24.240 [nREPL-worker-0] INFO  org.eclipse.jetty.server.Server  - jetty-9.4.10.v20180503; built: 2018-05-03T15:56:21.710Z; git: daa59876e6f384329b122929e70a80934569428c; jvm 1.8.0_162-b12
00:35:24.241 [nREPL-worker-0] INFO  o.e.j.server.handler.ContextHandler  - Started o.e.j.s.ServletContextHandler@6d988bf3{/,null,AVAILABLE}
00:35:24.273 [nREPL-worker-0] INFO  o.e.jetty.server.AbstractConnector  - Started ServerConnector@2d0785a9{HTTP/1.1,[http/1.1, h2c]}{localhost:3701}
00:35:24.273 [nREPL-worker-0] INFO  org.eclipse.jetty.server.Server  - Started @79436ms
00:35:28.318 [qtp1398084194-42] INFO  io.pedestal.http  - {:msg "GET /hello", :line 80}
00:35:28.318 [qtp1398084194-42] INFO  io.pedestal.http.cors  - {:msg "cors request processing", :origin "", :allowed true, :line 84}
00:35:28.322 [qtp1398084194-42] INFO  io.pedestal.http.cors  - {:msg "cors response processing", :cors-headers {"Access-Control-Allow-Origin" "", "Access-Control-Allow-Credentials" "true", "Access-Control-Expose-Headers" "Strict-Transport-Security, X-Frame-Options, X-Content-Type-Options, X-Xss-Protection, X-Download-Options, X-Permitted-Cross-Domain-Policies, Content-Security-Policy, Content-Type"}, :line 111}
00:40:05.475 [qtp1398084194-42] INFO  io.pedestal.http  - {:msg "GET /hello1", :line 80}
00:40:05.476 [qtp1398084194-42] INFO  io.pedestal.http.cors  - {:msg "cors request processing", :origin "", :allowed true, :line 84}
00:40:05.481 [qtp1398084194-42] INFO  io.pedestal.http.cors  - {:msg "cors response processing", :cors-headers {"Access-Control-Allow-Origin" "", "Access-Control-Allow-Credentials" "true", "Access-Control-Expose-Headers" ""}, :line 111}
18:52:35.610 [main] INFO  org.eclipse.jetty.util.log  - Logging initialized @7420ms to org.eclipse.jetty.util.log.Slf4jLog
18:52:46.267 [nREPL-worker-0] INFO  org.eclipse.jetty.server.Server  - jetty-9.4.10.v20180503; built: 2018-05-03T15:56:21.710Z; git: daa59876e6f384329b122929e70a80934569428c; jvm 1.8.0_162-b12
18:52:46.313 [nREPL-worker-0] INFO  o.e.j.server.handler.ContextHandler  - Started o.e.j.s.ServletContextHandler@2e22b2eb{/,null,AVAILABLE}
18:52:46.356 [nREPL-worker-0] INFO  o.e.jetty.server.AbstractConnector  - Started ServerConnector@64812c1c{HTTP/1.1,[http/1.1, h2c]}{localhost:3701}
18:52:46.357 [nREPL-worker-0] INFO  org.eclipse.jetty.server.Server  - Started @18165ms
18:53:01.645 [qtp1217733302-26] INFO  io.pedestal.http  - {:msg "GET /hello", :line 80}
18:53:01.650 [qtp1217733302-26] INFO  io.pedestal.http.cors  - {:msg "cors request processing", :origin "", :allowed true, :line 84}
18:53:01.661 [qtp1217733302-26] ERROR i.p.http.impl.servlet-interceptor  - {:msg "Dev interceptor caught an exception; Forwarding it as the response.", :line 314}
clojure.lang.ExceptionInfo: clojure.lang.ExceptionInfo in Interceptor :io.pedestal.http.route/router - You're trying to use something as a route specification that isn't supported by the protocol; Perhaps you need to extend it?
	at clojure.core$ex_info.invokeStatic(core.clj:4739)
	at clojure.core$ex_info.invoke(core.clj:4739)
	at io.pedestal.interceptor.chain$throwable__GT_ex_info.invokeStatic(chain.clj:35)
	at io.pedestal.interceptor.chain$throwable__GT_ex_info.invoke(chain.clj:32)
	at io.pedestal.interceptor.chain$try_f.invokeStatic(chain.clj:57)
	at io.pedestal.interceptor.chain$try_f.invoke(chain.clj:44)
	at io.pedestal.interceptor.chain$process_all_with_binding.invokeStatic(chain.clj:171)
	at io.pedestal.interceptor.chain$process_all_with_binding.invoke(chain.clj:146)
	at io.pedestal.interceptor.chain$process_all$fn__10598.invoke(chain.clj:188)
	at clojure.lang.AFn.applyToHelper(AFn.java:152)
	at clojure.lang.AFn.applyTo(AFn.java:144)
	at clojure.core$apply.invokeStatic(core.clj:657)
	at clojure.core$with_bindings_STAR_.invokeStatic(core.clj:1965)
	at clojure.core$with_bindings_STAR_.doInvoke(core.clj:1965)
	at clojure.lang.RestFn.invoke(RestFn.java:425)
	at io.pedestal.interceptor.chain$process_all.invokeStatic(chain.clj:186)
	at io.pedestal.interceptor.chain$process_all.invoke(chain.clj:182)
	at io.pedestal.interceptor.chain$enter_all.invokeStatic(chain.clj:235)
	at io.pedestal.interceptor.chain$enter_all.invoke(chain.clj:229)
	at io.pedestal.interceptor.chain$execute.invokeStatic(chain.clj:379)
	at io.pedestal.interceptor.chain$execute.invoke(chain.clj:352)
	at io.pedestal.interceptor.chain$execute.invokeStatic(chain.clj:389)
	at io.pedestal.interceptor.chain$execute.invoke(chain.clj:352)
	at io.pedestal.http.impl.servlet_interceptor$interceptor_service_fn$fn__15723.invoke(servlet_interceptor.clj:351)
	at io.pedestal.http.servlet.FnServlet.service(servlet.clj:28)
	at org.eclipse.jetty.servlet.ServletHolder.handle(ServletHolder.java:865)
	at org.eclipse.jetty.servlet.ServletHandler.doHandle(ServletHandler.java:535)
	at org.eclipse.jetty.server.handler.ScopedHandler.nextHandle(ScopedHandler.java:255)
	at org.eclipse.jetty.server.handler.ContextHandler.doHandle(ContextHandler.java:1253)
	at org.eclipse.jetty.server.handler.ScopedHandler.nextScope(ScopedHandler.java:203)
	at org.eclipse.jetty.servlet.ServletHandler.doScope(ServletHandler.java:473)
	at org.eclipse.jetty.server.handler.ScopedHandler.nextScope(ScopedHandler.java:201)
	at org.eclipse.jetty.server.handler.ContextHandler.doScope(ContextHandler.java:1155)
	at org.eclipse.jetty.server.handler.ScopedHandler.handle(ScopedHandler.java:144)
	at org.eclipse.jetty.server.handler.HandlerWrapper.handle(HandlerWrapper.java:132)
	at org.eclipse.jetty.server.Server.handle(Server.java:531)
	at org.eclipse.jetty.server.HttpChannel.handle(HttpChannel.java:352)
	at org.eclipse.jetty.server.HttpConnection.onFillable(HttpConnection.java:260)
	at org.eclipse.jetty.io.AbstractConnection$ReadCallback.succeeded(AbstractConnection.java:281)
	at org.eclipse.jetty.io.FillInterest.fillable(FillInterest.java:102)
	at org.eclipse.jetty.io.ChannelEndPoint$2.run(ChannelEndPoint.java:118)
	at org.eclipse.jetty.util.thread.QueuedThreadPool.runJob(QueuedThreadPool.java:760)
	at org.eclipse.jetty.util.thread.QueuedThreadPool$2.run(QueuedThreadPool.java:678)
	at java.lang.Thread.run(Thread.java:748)
Caused by: clojure.lang.ExceptionInfo: You're trying to use something as a route specification that isn't supported by the protocol; Perhaps you need to extend it?
	at clojure.core$ex_info.invokeStatic(core.clj:4739)
	at clojure.core$ex_info.invoke(core.clj:4739)
	at io.pedestal.http.route$expand_routes.invokeStatic(route.clj:418)
	at io.pedestal.http.route$expand_routes.invoke(route.clj:409)
	at xzeros.server$run_dev$fn__16291.invoke(server.clj:21)
	at io.pedestal.http.route$eval11719$fn__11720$fn__11721.invoke(route.clj:467)
	at io.pedestal.interceptor.chain$try_f.invokeStatic(chain.clj:54)
	... 39 common frames omitted
18:59:00.793 [main] INFO  org.eclipse.jetty.util.log  - Logging initialized @7521ms to org.eclipse.jetty.util.log.Slf4jLog
18:59:12.121 [nREPL-worker-0] INFO  org.eclipse.jetty.server.Server  - jetty-9.4.10.v20180503; built: 2018-05-03T15:56:21.710Z; git: daa59876e6f384329b122929e70a80934569428c; jvm 1.8.0_162-b12
18:59:12.157 [nREPL-worker-0] INFO  o.e.j.server.handler.ContextHandler  - Started o.e.j.s.ServletContextHandler@7af30807{/,null,AVAILABLE}
18:59:12.196 [nREPL-worker-0] INFO  o.e.jetty.server.AbstractConnector  - Started ServerConnector@1e717b48{HTTP/1.1,[http/1.1, h2c]}{localhost:3701}
18:59:12.197 [nREPL-worker-0] INFO  org.eclipse.jetty.server.Server  - Started @18927ms
18:59:19.897 [qtp1108627184-26] INFO  io.pedestal.http  - {:msg "GET /hello", :line 80}
18:59:19.900 [qtp1108627184-26] INFO  io.pedestal.http.cors  - {:msg "cors request processing", :origin "", :allowed true, :line 84}
18:59:19.915 [qtp1108627184-26] INFO  io.pedestal.http.cors  - {:msg "cors response processing", :cors-headers {"Access-Control-Allow-Origin" "", "Access-Control-Allow-Credentials" "true", "Access-Control-Expose-Headers" "Strict-Transport-Security, X-Frame-Options, X-Content-Type-Options, X-Xss-Protection, X-Download-Options, X-Permitted-Cross-Domain-Policies, Content-Security-Policy, Content-Type"}, :line 111}
19:00:23.127 [qtp1108627184-24] INFO  io.pedestal.http  - {:msg "GET /hello", :line 80}
19:00:23.128 [qtp1108627184-24] INFO  io.pedestal.http.cors  - {:msg "cors request processing", :origin "", :allowed true, :line 84}
19:00:23.134 [qtp1108627184-24] INFO  io.pedestal.http.cors  - {:msg "cors response processing", :cors-headers {"Access-Control-Allow-Origin" "", "Access-Control-Allow-Credentials" "true", "Access-Control-Expose-Headers" "Strict-Transport-Security, X-Frame-Options, X-Content-Type-Options, X-Xss-Protection, X-Download-Options, X-Permitted-Cross-Domain-Policies, Content-Security-Policy, Content-Type"}, :line 111}
19:20:05.055 [main] INFO  org.eclipse.jetty.util.log  - Logging initialized @7054ms to org.eclipse.jetty.util.log.Slf4jLog
19:20:15.474 [nREPL-worker-0] INFO  org.eclipse.jetty.server.Server  - jetty-9.4.10.v20180503; built: 2018-05-03T15:56:21.710Z; git: daa59876e6f384329b122929e70a80934569428c; jvm 1.8.0_162-b12
19:20:15.522 [nREPL-worker-0] INFO  o.e.j.server.handler.ContextHandler  - Started o.e.j.s.ServletContextHandler@d4fe952{/,null,AVAILABLE}
19:20:15.560 [nREPL-worker-0] INFO  o.e.jetty.server.AbstractConnector  - Started ServerConnector@19b7eb2e{HTTP/1.1,[http/1.1, h2c]}{localhost:3701}
19:20:15.562 [nREPL-worker-0] INFO  org.eclipse.jetty.server.Server  - Started @17564ms
19:21:00.608 [qtp583898591-26] INFO  io.pedestal.http  - {:msg "GET /hello", :line 80}
19:21:00.619 [qtp583898591-26] INFO  io.pedestal.http.cors  - {:msg "cors request processing", :origin "", :allowed true, :line 84}
19:21:00.634 [qtp583898591-26] INFO  io.pedestal.http.cors  - {:msg "cors response processing", :cors-headers {"Access-Control-Allow-Origin" "", "Access-Control-Allow-Credentials" "true", "Access-Control-Expose-Headers" "Strict-Transport-Security, X-Frame-Options, X-Content-Type-Options, X-Xss-Protection, X-Download-Options, X-Permitted-Cross-Domain-Policies, Content-Security-Policy, Content-Type"}, :line 111}
19:21:07.002 [qtp583898591-20] INFO  io.pedestal.http  - {:msg "GET /todo", :line 80}
19:21:07.003 [qtp583898591-20] INFO  io.pedestal.http.cors  - {:msg "cors request processing", :origin "", :allowed true, :line 84}
19:21:07.007 [qtp583898591-20] INFO  io.pedestal.http.cors  - {:msg "cors response processing", :cors-headers {"Access-Control-Allow-Origin" "", "Access-Control-Allow-Credentials" "true", "Access-Control-Expose-Headers" "Strict-Transport-Security, X-Frame-Options, X-Content-Type-Options, X-Xss-Protection, X-Download-Options, X-Permitted-Cross-Domain-Policies, Content-Security-Policy"}, :line 111}
