15:47:55.842 [main] INFO  org.eclipse.jetty.util.log  - Logging initialized @7216ms to org.eclipse.jetty.util.log.Slf4jLog
15:48:42.839 [nREPL-worker-1] INFO  org.eclipse.jetty.server.Server  - jetty-9.4.10.v20180503; built: 2018-05-03T15:56:21.710Z; git: daa59876e6f384329b122929e70a80934569428c; jvm 1.8.0_162-b12
15:48:42.882 [nREPL-worker-1] INFO  o.e.j.server.handler.ContextHandler  - Started o.e.j.s.ServletContextHandler@4c6329bc{/,null,AVAILABLE}
15:48:42.913 [nREPL-worker-1] INFO  o.e.jetty.server.AbstractConnector  - Started ServerConnector@2d0e5ced{HTTP/1.1,[http/1.1, h2c]}{localhost:3701}
15:48:42.913 [nREPL-worker-1] INFO  org.eclipse.jetty.server.Server  - Started @54289ms
15:48:55.865 [qtp895649241-30] INFO  io.pedestal.http  - {:msg "GET /", :line 80}
15:48:56.555 [qtp895649241-23] INFO  io.pedestal.http  - {:msg "GET /favicon.ico", :line 80}
15:49:06.527 [qtp895649241-29] INFO  io.pedestal.http  - {:msg "GET /", :line 80}
15:49:12.312 [qtp895649241-27] INFO  io.pedestal.http  - {:msg "GET /about", :line 80}
16:44:10.698 [main] INFO  org.eclipse.jetty.util.log  - Logging initialized @7335ms to org.eclipse.jetty.util.log.Slf4jLog
16:45:44.967 [main] INFO  org.eclipse.jetty.util.log  - Logging initialized @8176ms to org.eclipse.jetty.util.log.Slf4jLog
16:45:52.401 [nREPL-worker-0] INFO  org.eclipse.jetty.server.Server  - jetty-9.4.10.v20180503; built: 2018-05-03T15:56:21.710Z; git: daa59876e6f384329b122929e70a80934569428c; jvm 1.8.0_162-b12
16:45:52.440 [nREPL-worker-0] INFO  o.e.j.server.handler.ContextHandler  - Started o.e.j.s.ServletContextHandler@3b905d85{/,null,AVAILABLE}
16:45:52.470 [nREPL-worker-0] INFO  o.e.jetty.server.AbstractConnector  - Started ServerConnector@8057e03{HTTP/1.1,[http/1.1, h2c]}{localhost:3701}
16:45:52.470 [nREPL-worker-0] INFO  org.eclipse.jetty.server.Server  - Started @15681ms
16:46:20.006 [qtp1259580580-25] INFO  io.pedestal.http  - {:msg "GET /", :line 80}
16:46:24.879 [qtp1259580580-19] INFO  io.pedestal.http  - {:msg "GET /about", :line 80}
16:46:24.908 [qtp1259580580-19] ERROR i.p.http.impl.servlet-interceptor  - {:msg "error-ring-response triggered", :context {:response nil, :io.pedestal.interceptor.chain/stack (#Interceptor{:name :io.pedestal.http.impl.servlet-interceptor/stylobate} #Interceptor{:name :io.pedestal.http.impl.servlet-interceptor/terminator-injector}), :request {:protocol "HTTP/1.1", :async-supported? true, :remote-addr "127.0.0.1", :servlet-response #object[org.eclipse.jetty.server.Response 0x11ed3b7f "HTTP/1.1 200 \nDate: Mon, 17 Dec 2018 00:46:24 GMT\r\n\r\n"], :servlet #object[io.pedestal.http.servlet.FnServlet 0x6ae0e03c "io.pedestal.http.servlet.FnServlet@6ae0e03c"], :headers {"cookie" "ring-session=d3be3be4-a09f-4d8f-8a6c-315f2afd53df", "accept" "text/html,application/xhtml+xml,application/xml;q=0.9,image/webp,image/apng,*/*;q=0.8", "upgrade-insecure-requests" "1", "connection" "keep-alive", "user-agent" "Mozilla/5.0 (Macintosh; Intel Mac OS X 10_13_6) AppleWebKit/537.36 (KHTML, like Gecko) Chrome/70.0.3538.110 Safari/537.36", "host" "localhost:3701", "accept-encoding" "gzip, deflate, br", "accept-language" "en-US,en;q=0.9,zh-CN;q=0.8,zh;q=0.7,mt;q=0.6,zh-TW;q=0.5,de;q=0.4"}, :server-port 3701, :servlet-request #object[org.eclipse.jetty.server.Request 0x6996b890 "Request(GET //localhost:3701/about)@6996b890"], :path-info "/about", :url-for #object[clojure.lang.Delay 0x7292b6c7 {:status :ready, :val #object[io.pedestal.http.route$url_for_routes$fn__11635 0x7d45bdea "io.pedestal.http.route$url_for_routes$fn__11635@7d45bdea"]}], :uri "/about", :server-name "localhost", :query-string nil, :path-params [], :body #object[org.eclipse.jetty.server.HttpInputOverHTTP 0x392095dd "HttpInputOverHTTP@392095dd[c=0,q=0,[0]=null,s=STREAM]"], :scheme :http, :request-method :get, :context-path ""}, :bindings {#'io.pedestal.http.route/*url-for* #object[clojure.lang.Delay 0x7292b6c7 {:status :ready, :val #object[io.pedestal.http.route$url_for_routes$fn__11635 0x7d45bdea "io.pedestal.http.route$url_for_routes$fn__11635@7d45bdea"]}]}, :enter-async [#object[io.pedestal.http.impl.servlet_interceptor$start_servlet_async 0x43fe1768 "io.pedestal.http.impl.servlet_interceptor$start_servlet_async@43fe1768"]], :io.pedestal.interceptor.chain/terminators (#object[io.pedestal.http.impl.servlet_interceptor$terminator_inject$fn__15698 0x41d7018d "io.pedestal.http.impl.servlet_interceptor$terminator_inject$fn__15698@41d7018d"]), :servlet-response #object[org.eclipse.jetty.server.Response 0x11ed3b7f "HTTP/1.1 200 \nDate: Mon, 17 Dec 2018 00:46:24 GMT\r\n\r\n"], :route {:path "/about", :method :get, :app-name :xzeros, :io.pedestal.http.route.prefix-tree/satisfies-constraints? #object[clojure.core$constantly$fn__5394 0x578b1655 "clojure.core$constantly$fn__5394@578b1655"], :path-re #"/\Qabout\E", :path-parts ["about"], :port 3701, :host "localhost", :interceptors [#Interceptor{:name :xzeros.service/about-page}], :route-name :xzeros.service/about-page, :path-params [], :scheme :http}, :servlet #object[io.pedestal.http.servlet.FnServlet 0x6ae0e03c "io.pedestal.http.servlet.FnServlet@6ae0e03c"], :servlet-request #object[org.eclipse.jetty.server.Request 0x6996b890 "Request(GET //localhost:3701/about)@6996b890"], :url-for #object[clojure.lang.Delay 0x7292b6c7 {:status :ready, :val #object[io.pedestal.http.route$url_for_routes$fn__11635 0x7d45bdea "io.pedestal.http.route$url_for_routes$fn__11635@7d45bdea"]}], :io.pedestal.interceptor.chain/execution-id 2, :servlet-config #object[org.eclipse.jetty.servlet.ServletHolder$Config 0x794d5775 "org.eclipse.jetty.servlet.ServletHolder$Config@794d5775"], :async? #object[io.pedestal.http.impl.servlet_interceptor$servlet_async_QMARK_ 0x35e27b78 "io.pedestal.http.impl.servlet_interceptor$servlet_async_QMARK_@35e27b78"]}, :line 253}
clojure.lang.ExceptionInfo: clojure.lang.ExceptionInfo in Interceptor :xzeros.service/about-page - Route not found
	at clojure.core$ex_info.invokeStatic(core.clj:4739)
	at clojure.core$ex_info.invoke(core.clj:4739)
	at io.pedestal.interceptor.chain$throwable__GT_ex_info.invokeStatic(chain.clj:35)
	at io.pedestal.interceptor.chain$throwable__GT_ex_info.invoke(chain.clj:32)
	at io.pedestal.interceptor.chain$try_f.invokeStatic(chain.clj:57)
	at io.pedestal.interceptor.chain$try_f.invoke(chain.clj:44)
	at io.pedestal.interceptor.chain$process_all_with_binding.invokeStatic(chain.clj:171)
	at io.pedestal.interceptor.chain$process_all_with_binding.invoke(chain.clj:146)
	at io.pedestal.interceptor.chain$process_all$fn__10598.invoke(chain.clj:188)
	at clojure.lang.AFn.applyToHelper(AFn.java:152)
	at clojure.lang.AFn.applyTo(AFn.java:144)
	at clojure.core$apply.invokeStatic(core.clj:657)
	at clojure.core$with_bindings_STAR_.invokeStatic(core.clj:1965)
	at clojure.core$with_bindings_STAR_.doInvoke(core.clj:1965)
	at clojure.lang.RestFn.invoke(RestFn.java:425)
	at io.pedestal.interceptor.chain$process_all.invokeStatic(chain.clj:186)
	at io.pedestal.interceptor.chain$process_all.invoke(chain.clj:182)
	at io.pedestal.interceptor.chain$enter_all.invokeStatic(chain.clj:235)
	at io.pedestal.interceptor.chain$enter_all.invoke(chain.clj:229)
	at io.pedestal.interceptor.chain$execute.invokeStatic(chain.clj:379)
	at io.pedestal.interceptor.chain$execute.invoke(chain.clj:352)
	at io.pedestal.interceptor.chain$execute.invokeStatic(chain.clj:389)
	at io.pedestal.interceptor.chain$execute.invoke(chain.clj:352)
	at io.pedestal.http.impl.servlet_interceptor$interceptor_service_fn$fn__15723.invoke(servlet_interceptor.clj:351)
	at io.pedestal.http.servlet.FnServlet.service(servlet.clj:28)
	at org.eclipse.jetty.servlet.ServletHolder.handle(ServletHolder.java:865)
	at org.eclipse.jetty.servlet.ServletHandler.doHandle(ServletHandler.java:535)
	at org.eclipse.jetty.server.handler.ScopedHandler.nextHandle(ScopedHandler.java:255)
	at org.eclipse.jetty.server.handler.ContextHandler.doHandle(ContextHandler.java:1253)
	at org.eclipse.jetty.server.handler.ScopedHandler.nextScope(ScopedHandler.java:203)
	at org.eclipse.jetty.servlet.ServletHandler.doScope(ServletHandler.java:473)
	at org.eclipse.jetty.server.handler.ScopedHandler.nextScope(ScopedHandler.java:201)
	at org.eclipse.jetty.server.handler.ContextHandler.doScope(ContextHandler.java:1155)
	at org.eclipse.jetty.server.handler.ScopedHandler.handle(ScopedHandler.java:144)
	at org.eclipse.jetty.server.handler.HandlerWrapper.handle(HandlerWrapper.java:132)
	at org.eclipse.jetty.server.Server.handle(Server.java:531)
	at org.eclipse.jetty.server.HttpChannel.handle(HttpChannel.java:352)
	at org.eclipse.jetty.server.HttpConnection.onFillable(HttpConnection.java:260)
	at org.eclipse.jetty.io.AbstractConnection$ReadCallback.succeeded(AbstractConnection.java:281)
	at org.eclipse.jetty.io.FillInterest.fillable(FillInterest.java:102)
	at org.eclipse.jetty.io.ChannelEndPoint$2.run(ChannelEndPoint.java:118)
	at org.eclipse.jetty.util.thread.strategy.EatWhatYouKill.runTask(EatWhatYouKill.java:333)
	at org.eclipse.jetty.util.thread.strategy.EatWhatYouKill.doProduce(EatWhatYouKill.java:310)
	at org.eclipse.jetty.util.thread.strategy.EatWhatYouKill.tryProduce(EatWhatYouKill.java:168)
	at org.eclipse.jetty.util.thread.strategy.EatWhatYouKill.produce(EatWhatYouKill.java:132)
	at org.eclipse.jetty.util.thread.QueuedThreadPool.runJob(QueuedThreadPool.java:760)
	at org.eclipse.jetty.util.thread.QueuedThreadPool$2.run(QueuedThreadPool.java:678)
	at java.lang.Thread.run(Thread.java:748)
Caused by: clojure.lang.ExceptionInfo: Route not found
	at clojure.core$ex_info.invokeStatic(core.clj:4739)
	at clojure.core$ex_info.invoke(core.clj:4739)
	at io.pedestal.http.route$find_route.invokeStatic(route.clj:310)
	at io.pedestal.http.route$find_route.invoke(route.clj:304)
	at io.pedestal.http.route$url_for_routes$fn__11635.doInvoke(route.clj:367)
	at clojure.lang.RestFn.invoke(RestFn.java:410)
	at clojure.lang.AFn.applyToHelper(AFn.java:154)
	at clojure.lang.RestFn.applyTo(RestFn.java:132)
	at clojure.core$apply.invokeStatic(core.clj:659)
	at clojure.core$apply.invoke(core.clj:652)
	at io.pedestal.http.route$url_for.invokeStatic(route.clj:387)
	at io.pedestal.http.route$url_for.doInvoke(route.clj:380)
	at clojure.lang.RestFn.invoke(RestFn.java:410)
	at xzeros.service$about_page.invokeStatic(service.clj:11)
	at xzeros.service$about_page.invoke(service.clj:7)
	at io.pedestal.interceptor$eval307$fn__308$fn__309.invoke(interceptor.clj:41)
	at io.pedestal.interceptor.chain$try_f.invokeStatic(chain.clj:54)
	... 43 common frames omitted
16:46:24.910 [qtp1259580580-19] INFO  i.p.http.impl.servlet-interceptor  - {:msg "sending error", :message "Internal server error: exception", :line 215}
16:48:16.304 [qtp1259580580-23] INFO  io.pedestal.http  - {:msg "GET /", :line 80}
16:52:59.539 [main] INFO  org.eclipse.jetty.util.log  - Logging initialized @8365ms to org.eclipse.jetty.util.log.Slf4jLog
16:53:06.326 [nREPL-worker-0] INFO  org.eclipse.jetty.server.Server  - jetty-9.4.10.v20180503; built: 2018-05-03T15:56:21.710Z; git: daa59876e6f384329b122929e70a80934569428c; jvm 1.8.0_162-b12
16:53:06.379 [nREPL-worker-0] INFO  o.e.j.server.handler.ContextHandler  - Started o.e.j.s.ServletContextHandler@41c89f4a{/,null,AVAILABLE}
16:53:06.411 [nREPL-worker-0] INFO  o.e.jetty.server.AbstractConnector  - Started ServerConnector@675df378{HTTP/1.1,[http/1.1, h2c]}{localhost:3701}
16:53:06.412 [nREPL-worker-0] INFO  org.eclipse.jetty.server.Server  - Started @15241ms
16:53:10.031 [qtp719769060-25] INFO  io.pedestal.http  - {:msg "GET /", :line 80}
16:53:13.838 [qtp719769060-19] INFO  io.pedestal.http  - {:msg "GET /about", :line 80}
16:54:43.201 [main] INFO  org.eclipse.jetty.util.log  - Logging initialized @9358ms to org.eclipse.jetty.util.log.Slf4jLog
16:55:06.291 [nREPL-worker-0] INFO  org.eclipse.jetty.server.Server  - jetty-9.4.10.v20180503; built: 2018-05-03T15:56:21.710Z; git: daa59876e6f384329b122929e70a80934569428c; jvm 1.8.0_162-b12
16:55:06.339 [nREPL-worker-0] INFO  o.e.j.server.handler.ContextHandler  - Started o.e.j.s.ServletContextHandler@66a483f{/,null,AVAILABLE}
16:55:06.372 [nREPL-worker-0] INFO  o.e.jetty.server.AbstractConnector  - Started ServerConnector@633ded73{HTTP/1.1,[http/1.1, h2c]}{localhost:3701}
16:55:06.374 [nREPL-worker-0] INFO  org.eclipse.jetty.server.Server  - Started @32534ms
16:55:10.986 [qtp1261039678-27] INFO  io.pedestal.http  - {:msg "GET /about", :line 80}
16:55:11.016 [qtp1261039678-27] ERROR i.p.http.impl.servlet-interceptor  - {:msg "error-ring-response triggered", :context {:response nil, :io.pedestal.interceptor.chain/stack (#Interceptor{:name :io.pedestal.http.impl.servlet-interceptor/stylobate} #Interceptor{:name :io.pedestal.http.impl.servlet-interceptor/terminator-injector}), :request {:protocol "HTTP/1.1", :async-supported? true, :remote-addr "127.0.0.1", :servlet-response #object[org.eclipse.jetty.server.Response 0x283afe54 "HTTP/1.1 200 \nDate: Mon, 17 Dec 2018 00:55:10 GMT\r\n\r\n"], :servlet #object[io.pedestal.http.servlet.FnServlet 0x5f95a46 "io.pedestal.http.servlet.FnServlet@5f95a46"], :headers {"host" "localhost:3701", "user-agent" "Mozilla/5.0 (Macintosh; Intel Mac OS X 10_13_6) AppleWebKit/537.36 (KHTML, like Gecko) Chrome/70.0.3538.110 Safari/537.36", "cookie" "ring-session=d3be3be4-a09f-4d8f-8a6c-315f2afd53df", "connection" "keep-alive", "upgrade-insecure-requests" "1", "accept" "text/html,application/xhtml+xml,application/xml;q=0.9,image/webp,image/apng,*/*;q=0.8", "accept-language" "en-US,en;q=0.9,zh-CN;q=0.8,zh;q=0.7,mt;q=0.6,zh-TW;q=0.5,de;q=0.4", "accept-encoding" "gzip, deflate, br", "cache-control" "max-age=0"}, :server-port 3701, :servlet-request #object[org.eclipse.jetty.server.Request 0x16134010 "Request(GET //localhost:3701/about)@16134010"], :path-info "/about", :url-for #object[clojure.lang.Delay 0x2ecde801 {:status :ready, :val #object[io.pedestal.http.route$url_for_routes$fn__11635 0x6d1bbabb "io.pedestal.http.route$url_for_routes$fn__11635@6d1bbabb"]}], :uri "/about", :server-name "localhost", :query-string nil, :path-params [], :body #object[org.eclipse.jetty.server.HttpInputOverHTTP 0x43fe96a0 "HttpInputOverHTTP@43fe96a0[c=0,q=0,[0]=null,s=STREAM]"], :scheme :http, :request-method :get, :context-path ""}, :bindings {#'io.pedestal.http.route/*url-for* #object[clojure.lang.Delay 0x2ecde801 {:status :ready, :val #object[io.pedestal.http.route$url_for_routes$fn__11635 0x6d1bbabb "io.pedestal.http.route$url_for_routes$fn__11635@6d1bbabb"]}]}, :enter-async [#object[io.pedestal.http.impl.servlet_interceptor$start_servlet_async 0x612108cc "io.pedestal.http.impl.servlet_interceptor$start_servlet_async@612108cc"]], :io.pedestal.interceptor.chain/terminators (#object[io.pedestal.http.impl.servlet_interceptor$terminator_inject$fn__15698 0x240f87c5 "io.pedestal.http.impl.servlet_interceptor$terminator_inject$fn__15698@240f87c5"]), :servlet-response #object[org.eclipse.jetty.server.Response 0x283afe54 "HTTP/1.1 200 \nDate: Mon, 17 Dec 2018 00:55:10 GMT\r\n\r\n"], :route {:path "/about", :method :get, :app-name :xzeros, :io.pedestal.http.route.prefix-tree/satisfies-constraints? #object[clojure.core$constantly$fn__5394 0x7257ef67 "clojure.core$constantly$fn__5394@7257ef67"], :path-re #"/\Qabout\E", :path-parts ["" "about"], :port 3701, :host "localhost", :interceptors [#Interceptor{:name :io.pedestal.http.body-params/body-params} #Interceptor{:name :io.pedestal.http/html-body} #Interceptor{:name :xzeros.service/about-page}], :route-name :xzeros.service/about-page, :path-params [], :scheme :http}, :servlet #object[io.pedestal.http.servlet.FnServlet 0x5f95a46 "io.pedestal.http.servlet.FnServlet@5f95a46"], :servlet-request #object[org.eclipse.jetty.server.Request 0x16134010 "Request(GET //localhost:3701/about)@16134010"], :url-for #object[clojure.lang.Delay 0x2ecde801 {:status :ready, :val #object[io.pedestal.http.route$url_for_routes$fn__11635 0x6d1bbabb "io.pedestal.http.route$url_for_routes$fn__11635@6d1bbabb"]}], :io.pedestal.interceptor.chain/execution-id 1, :servlet-config #object[org.eclipse.jetty.servlet.ServletHolder$Config 0x7790147c "org.eclipse.jetty.servlet.ServletHolder$Config@7790147c"], :async? #object[io.pedestal.http.impl.servlet_interceptor$servlet_async_QMARK_ 0xe1cc996 "io.pedestal.http.impl.servlet_interceptor$servlet_async_QMARK_@e1cc996"]}, :line 253}
clojure.lang.ExceptionInfo: clojure.lang.ExceptionInfo in Interceptor :xzeros.service/about-page - Route not found
	at clojure.core$ex_info.invokeStatic(core.clj:4739)
	at clojure.core$ex_info.invoke(core.clj:4739)
	at io.pedestal.interceptor.chain$throwable__GT_ex_info.invokeStatic(chain.clj:35)
	at io.pedestal.interceptor.chain$throwable__GT_ex_info.invoke(chain.clj:32)
	at io.pedestal.interceptor.chain$try_f.invokeStatic(chain.clj:57)
	at io.pedestal.interceptor.chain$try_f.invoke(chain.clj:44)
	at io.pedestal.interceptor.chain$process_all_with_binding.invokeStatic(chain.clj:171)
	at io.pedestal.interceptor.chain$process_all_with_binding.invoke(chain.clj:146)
	at io.pedestal.interceptor.chain$process_all$fn__10598.invoke(chain.clj:188)
	at clojure.lang.AFn.applyToHelper(AFn.java:152)
	at clojure.lang.AFn.applyTo(AFn.java:144)
	at clojure.core$apply.invokeStatic(core.clj:657)
	at clojure.core$with_bindings_STAR_.invokeStatic(core.clj:1965)
	at clojure.core$with_bindings_STAR_.doInvoke(core.clj:1965)
	at clojure.lang.RestFn.invoke(RestFn.java:425)
	at io.pedestal.interceptor.chain$process_all.invokeStatic(chain.clj:186)
	at io.pedestal.interceptor.chain$process_all.invoke(chain.clj:182)
	at io.pedestal.interceptor.chain$enter_all.invokeStatic(chain.clj:235)
	at io.pedestal.interceptor.chain$enter_all.invoke(chain.clj:229)
	at io.pedestal.interceptor.chain$execute.invokeStatic(chain.clj:379)
	at io.pedestal.interceptor.chain$execute.invoke(chain.clj:352)
	at io.pedestal.interceptor.chain$execute.invokeStatic(chain.clj:389)
	at io.pedestal.interceptor.chain$execute.invoke(chain.clj:352)
	at io.pedestal.http.impl.servlet_interceptor$interceptor_service_fn$fn__15723.invoke(servlet_interceptor.clj:351)
	at io.pedestal.http.servlet.FnServlet.service(servlet.clj:28)
	at org.eclipse.jetty.servlet.ServletHolder.handle(ServletHolder.java:865)
	at org.eclipse.jetty.servlet.ServletHandler.doHandle(ServletHandler.java:535)
	at org.eclipse.jetty.server.handler.ScopedHandler.nextHandle(ScopedHandler.java:255)
	at org.eclipse.jetty.server.handler.ContextHandler.doHandle(ContextHandler.java:1253)
	at org.eclipse.jetty.server.handler.ScopedHandler.nextScope(ScopedHandler.java:203)
	at org.eclipse.jetty.servlet.ServletHandler.doScope(ServletHandler.java:473)
	at org.eclipse.jetty.server.handler.ScopedHandler.nextScope(ScopedHandler.java:201)
	at org.eclipse.jetty.server.handler.ContextHandler.doScope(ContextHandler.java:1155)
	at org.eclipse.jetty.server.handler.ScopedHandler.handle(ScopedHandler.java:144)
	at org.eclipse.jetty.server.handler.HandlerWrapper.handle(HandlerWrapper.java:132)
	at org.eclipse.jetty.server.Server.handle(Server.java:531)
	at org.eclipse.jetty.server.HttpChannel.handle(HttpChannel.java:352)
	at org.eclipse.jetty.server.HttpConnection.onFillable(HttpConnection.java:260)
	at org.eclipse.jetty.io.AbstractConnection$ReadCallback.succeeded(AbstractConnection.java:281)
	at org.eclipse.jetty.io.FillInterest.fillable(FillInterest.java:102)
	at org.eclipse.jetty.io.ChannelEndPoint$2.run(ChannelEndPoint.java:118)
	at org.eclipse.jetty.util.thread.QueuedThreadPool.runJob(QueuedThreadPool.java:760)
	at org.eclipse.jetty.util.thread.QueuedThreadPool$2.run(QueuedThreadPool.java:678)
	at java.lang.Thread.run(Thread.java:748)
Caused by: clojure.lang.ExceptionInfo: Route not found
	at clojure.core$ex_info.invokeStatic(core.clj:4739)
	at clojure.core$ex_info.invoke(core.clj:4739)
	at io.pedestal.http.route$find_route.invokeStatic(route.clj:310)
	at io.pedestal.http.route$find_route.invoke(route.clj:304)
	at io.pedestal.http.route$url_for_routes$fn__11635.doInvoke(route.clj:367)
	at clojure.lang.RestFn.invoke(RestFn.java:410)
	at clojure.lang.AFn.applyToHelper(AFn.java:154)
	at clojure.lang.RestFn.applyTo(RestFn.java:132)
	at clojure.core$apply.invokeStatic(core.clj:659)
	at clojure.core$apply.invoke(core.clj:652)
	at io.pedestal.http.route$url_for.invokeStatic(route.clj:387)
	at io.pedestal.http.route$url_for.doInvoke(route.clj:380)
	at clojure.lang.RestFn.invoke(RestFn.java:410)
	at xzeros.service$about_page.invokeStatic(service.clj:11)
	at xzeros.service$about_page.invoke(service.clj:7)
	at io.pedestal.interceptor$eval307$fn__308$fn__309.invoke(interceptor.clj:41)
	at io.pedestal.interceptor.chain$try_f.invokeStatic(chain.clj:54)
	... 39 common frames omitted
16:55:11.018 [qtp1261039678-27] INFO  i.p.http.impl.servlet-interceptor  - {:msg "sending error", :message "Internal server error: exception", :line 215}
16:55:14.547 [qtp1261039678-21] INFO  io.pedestal.http  - {:msg "GET /", :line 80}
16:55:45.841 [main] INFO  org.eclipse.jetty.util.log  - Logging initialized @7600ms to org.eclipse.jetty.util.log.Slf4jLog
16:55:52.586 [nREPL-worker-0] INFO  org.eclipse.jetty.server.Server  - jetty-9.4.10.v20180503; built: 2018-05-03T15:56:21.710Z; git: daa59876e6f384329b122929e70a80934569428c; jvm 1.8.0_162-b12
16:55:52.625 [nREPL-worker-0] INFO  o.e.j.server.handler.ContextHandler  - Started o.e.j.s.ServletContextHandler@24b1e33b{/,null,AVAILABLE}
16:55:52.657 [nREPL-worker-0] INFO  o.e.jetty.server.AbstractConnector  - Started ServerConnector@3a2e2a8c{HTTP/1.1,[http/1.1, h2c]}{localhost:3701}
16:55:52.657 [nREPL-worker-0] INFO  org.eclipse.jetty.server.Server  - Started @14419ms
16:55:56.614 [qtp719769060-25] INFO  io.pedestal.http  - {:msg "GET /", :line 80}
16:56:00.569 [qtp719769060-19] INFO  io.pedestal.http  - {:msg "GET /about", :line 80}
16:56:00.602 [qtp719769060-19] ERROR i.p.http.impl.servlet-interceptor  - {:msg "error-ring-response triggered", :context {:response nil, :io.pedestal.interceptor.chain/stack (#Interceptor{:name :io.pedestal.http.impl.servlet-interceptor/stylobate} #Interceptor{:name :io.pedestal.http.impl.servlet-interceptor/terminator-injector}), :request {:protocol "HTTP/1.1", :async-supported? true, :remote-addr "127.0.0.1", :servlet-response #object[org.eclipse.jetty.server.Response 0x438d2ce2 "HTTP/1.1 200 \nDate: Mon, 17 Dec 2018 00:56:00 GMT\r\n\r\n"], :servlet #object[io.pedestal.http.servlet.FnServlet 0x3585cb1c "io.pedestal.http.servlet.FnServlet@3585cb1c"], :headers {"host" "localhost:3701", "user-agent" "Mozilla/5.0 (Macintosh; Intel Mac OS X 10_13_6) AppleWebKit/537.36 (KHTML, like Gecko) Chrome/70.0.3538.110 Safari/537.36", "cookie" "ring-session=d3be3be4-a09f-4d8f-8a6c-315f2afd53df", "connection" "keep-alive", "upgrade-insecure-requests" "1", "accept" "text/html,application/xhtml+xml,application/xml;q=0.9,image/webp,image/apng,*/*;q=0.8", "accept-language" "en-US,en;q=0.9,zh-CN;q=0.8,zh;q=0.7,mt;q=0.6,zh-TW;q=0.5,de;q=0.4", "accept-encoding" "gzip, deflate, br", "cache-control" "max-age=0"}, :server-port 3701, :servlet-request #object[org.eclipse.jetty.server.Request 0x3ba9d279 "Request(GET //localhost:3701/about)@3ba9d279"], :path-info "/about", :url-for #object[clojure.lang.Delay 0x20ad9b14 {:status :ready, :val #object[io.pedestal.http.route$url_for_routes$fn__11635 0xc93cb1c "io.pedestal.http.route$url_for_routes$fn__11635@c93cb1c"]}], :uri "/about", :server-name "localhost", :query-string nil, :path-params [], :body #object[org.eclipse.jetty.server.HttpInputOverHTTP 0x26a44567 "HttpInputOverHTTP@26a44567[c=0,q=0,[0]=null,s=STREAM]"], :scheme :http, :request-method :get, :context-path ""}, :bindings {#'io.pedestal.http.route/*url-for* #object[clojure.lang.Delay 0x20ad9b14 {:status :ready, :val #object[io.pedestal.http.route$url_for_routes$fn__11635 0xc93cb1c "io.pedestal.http.route$url_for_routes$fn__11635@c93cb1c"]}]}, :enter-async [#object[io.pedestal.http.impl.servlet_interceptor$start_servlet_async 0x20a65006 "io.pedestal.http.impl.servlet_interceptor$start_servlet_async@20a65006"]], :io.pedestal.interceptor.chain/terminators (#object[io.pedestal.http.impl.servlet_interceptor$terminator_inject$fn__15698 0x7d1701bf "io.pedestal.http.impl.servlet_interceptor$terminator_inject$fn__15698@7d1701bf"]), :servlet-response #object[org.eclipse.jetty.server.Response 0x438d2ce2 "HTTP/1.1 200 \nDate: Mon, 17 Dec 2018 00:56:00 GMT\r\n\r\n"], :route {:path-parts ["" "about"], :path-params [], :interceptors [#Interceptor{:name :io.pedestal.http.body-params/body-params} #Interceptor{:name :io.pedestal.http/html-body} #Interceptor{:name :xzeros.service/about-page}], :app-name :xzeros, :path "/about", :method :get, :path-re #"/\Qabout\E", :route-name :xzeros.service/about-page, :io.pedestal.http.route.prefix-tree/satisfies-constraints? #object[clojure.core$constantly$fn__5394 0x5e87fc65 "clojure.core$constantly$fn__5394@5e87fc65"]}, :servlet #object[io.pedestal.http.servlet.FnServlet 0x3585cb1c "io.pedestal.http.servlet.FnServlet@3585cb1c"], :servlet-request #object[org.eclipse.jetty.server.Request 0x3ba9d279 "Request(GET //localhost:3701/about)@3ba9d279"], :url-for #object[clojure.lang.Delay 0x20ad9b14 {:status :ready, :val #object[io.pedestal.http.route$url_for_routes$fn__11635 0xc93cb1c "io.pedestal.http.route$url_for_routes$fn__11635@c93cb1c"]}], :io.pedestal.interceptor.chain/execution-id 2, :servlet-config #object[org.eclipse.jetty.servlet.ServletHolder$Config 0x54408c0c "org.eclipse.jetty.servlet.ServletHolder$Config@54408c0c"], :async? #object[io.pedestal.http.impl.servlet_interceptor$servlet_async_QMARK_ 0x7ff1e559 "io.pedestal.http.impl.servlet_interceptor$servlet_async_QMARK_@7ff1e559"]}, :line 253}
clojure.lang.ExceptionInfo: clojure.lang.ExceptionInfo in Interceptor :xzeros.service/about-page - Route not found
	at clojure.core$ex_info.invokeStatic(core.clj:4739)
	at clojure.core$ex_info.invoke(core.clj:4739)
	at io.pedestal.interceptor.chain$throwable__GT_ex_info.invokeStatic(chain.clj:35)
	at io.pedestal.interceptor.chain$throwable__GT_ex_info.invoke(chain.clj:32)
	at io.pedestal.interceptor.chain$try_f.invokeStatic(chain.clj:57)
	at io.pedestal.interceptor.chain$try_f.invoke(chain.clj:44)
	at io.pedestal.interceptor.chain$process_all_with_binding.invokeStatic(chain.clj:171)
	at io.pedestal.interceptor.chain$process_all_with_binding.invoke(chain.clj:146)
	at io.pedestal.interceptor.chain$process_all$fn__10598.invoke(chain.clj:188)
	at clojure.lang.AFn.applyToHelper(AFn.java:152)
	at clojure.lang.AFn.applyTo(AFn.java:144)
	at clojure.core$apply.invokeStatic(core.clj:657)
	at clojure.core$with_bindings_STAR_.invokeStatic(core.clj:1965)
	at clojure.core$with_bindings_STAR_.doInvoke(core.clj:1965)
	at clojure.lang.RestFn.invoke(RestFn.java:425)
	at io.pedestal.interceptor.chain$process_all.invokeStatic(chain.clj:186)
	at io.pedestal.interceptor.chain$process_all.invoke(chain.clj:182)
	at io.pedestal.interceptor.chain$enter_all.invokeStatic(chain.clj:235)
	at io.pedestal.interceptor.chain$enter_all.invoke(chain.clj:229)
	at io.pedestal.interceptor.chain$execute.invokeStatic(chain.clj:379)
	at io.pedestal.interceptor.chain$execute.invoke(chain.clj:352)
	at io.pedestal.interceptor.chain$execute.invokeStatic(chain.clj:389)
	at io.pedestal.interceptor.chain$execute.invoke(chain.clj:352)
	at io.pedestal.http.impl.servlet_interceptor$interceptor_service_fn$fn__15723.invoke(servlet_interceptor.clj:351)
	at io.pedestal.http.servlet.FnServlet.service(servlet.clj:28)
	at org.eclipse.jetty.servlet.ServletHolder.handle(ServletHolder.java:865)
	at org.eclipse.jetty.servlet.ServletHandler.doHandle(ServletHandler.java:535)
	at org.eclipse.jetty.server.handler.ScopedHandler.nextHandle(ScopedHandler.java:255)
	at org.eclipse.jetty.server.handler.ContextHandler.doHandle(ContextHandler.java:1253)
	at org.eclipse.jetty.server.handler.ScopedHandler.nextScope(ScopedHandler.java:203)
	at org.eclipse.jetty.servlet.ServletHandler.doScope(ServletHandler.java:473)
	at org.eclipse.jetty.server.handler.ScopedHandler.nextScope(ScopedHandler.java:201)
	at org.eclipse.jetty.server.handler.ContextHandler.doScope(ContextHandler.java:1155)
	at org.eclipse.jetty.server.handler.ScopedHandler.handle(ScopedHandler.java:144)
	at org.eclipse.jetty.server.handler.HandlerWrapper.handle(HandlerWrapper.java:132)
	at org.eclipse.jetty.server.Server.handle(Server.java:531)
	at org.eclipse.jetty.server.HttpChannel.handle(HttpChannel.java:352)
	at org.eclipse.jetty.server.HttpConnection.onFillable(HttpConnection.java:260)
	at org.eclipse.jetty.io.AbstractConnection$ReadCallback.succeeded(AbstractConnection.java:281)
	at org.eclipse.jetty.io.FillInterest.fillable(FillInterest.java:102)
	at org.eclipse.jetty.io.ChannelEndPoint$2.run(ChannelEndPoint.java:118)
	at org.eclipse.jetty.util.thread.strategy.EatWhatYouKill.runTask(EatWhatYouKill.java:333)
	at org.eclipse.jetty.util.thread.strategy.EatWhatYouKill.doProduce(EatWhatYouKill.java:310)
	at org.eclipse.jetty.util.thread.strategy.EatWhatYouKill.tryProduce(EatWhatYouKill.java:168)
	at org.eclipse.jetty.util.thread.strategy.EatWhatYouKill.produce(EatWhatYouKill.java:132)
	at org.eclipse.jetty.util.thread.QueuedThreadPool.runJob(QueuedThreadPool.java:760)
	at org.eclipse.jetty.util.thread.QueuedThreadPool$2.run(QueuedThreadPool.java:678)
	at java.lang.Thread.run(Thread.java:748)
Caused by: clojure.lang.ExceptionInfo: Route not found
	at clojure.core$ex_info.invokeStatic(core.clj:4739)
	at clojure.core$ex_info.invoke(core.clj:4739)
	at io.pedestal.http.route$find_route.invokeStatic(route.clj:310)
	at io.pedestal.http.route$find_route.invoke(route.clj:304)
	at io.pedestal.http.route$url_for_routes$fn__11635.doInvoke(route.clj:367)
	at clojure.lang.RestFn.invoke(RestFn.java:410)
	at clojure.lang.AFn.applyToHelper(AFn.java:154)
	at clojure.lang.RestFn.applyTo(RestFn.java:132)
	at clojure.core$apply.invokeStatic(core.clj:659)
	at clojure.core$apply.invoke(core.clj:652)
	at io.pedestal.http.route$url_for.invokeStatic(route.clj:387)
	at io.pedestal.http.route$url_for.doInvoke(route.clj:380)
	at clojure.lang.RestFn.invoke(RestFn.java:410)
	at xzeros.service$about_page.invokeStatic(service.clj:11)
	at xzeros.service$about_page.invoke(service.clj:7)
	at io.pedestal.interceptor$eval307$fn__308$fn__309.invoke(interceptor.clj:41)
	at io.pedestal.interceptor.chain$try_f.invokeStatic(chain.clj:54)
	... 43 common frames omitted
16:56:00.604 [qtp719769060-19] INFO  i.p.http.impl.servlet-interceptor  - {:msg "sending error", :message "Internal server error: exception", :line 215}
16:56:48.837 [main] INFO  org.eclipse.jetty.util.log  - Logging initialized @7881ms to org.eclipse.jetty.util.log.Slf4jLog
16:56:54.478 [nREPL-worker-0] INFO  org.eclipse.jetty.server.Server  - jetty-9.4.10.v20180503; built: 2018-05-03T15:56:21.710Z; git: daa59876e6f384329b122929e70a80934569428c; jvm 1.8.0_162-b12
16:56:54.520 [nREPL-worker-0] INFO  o.e.j.server.handler.ContextHandler  - Started o.e.j.s.ServletContextHandler@1b941ee7{/,null,AVAILABLE}
16:56:54.553 [nREPL-worker-0] INFO  o.e.jetty.server.AbstractConnector  - Started ServerConnector@48e97a9b{HTTP/1.1,[http/1.1, h2c]}{localhost:3701}
16:56:54.554 [nREPL-worker-0] INFO  org.eclipse.jetty.server.Server  - Started @13600ms
16:56:59.221 [qtp719769060-25] INFO  io.pedestal.http  - {:msg "GET /about", :line 80}
16:57:02.588 [qtp719769060-19] INFO  io.pedestal.http  - {:msg "GET /", :line 80}
