11:53:30.149 [main] INFO  org.eclipse.jetty.util.log  - Logging initialized @5294ms to org.eclipse.jetty.util.log.Slf4jLog
11:53:38.812 [nREPL-worker-0] INFO  org.eclipse.jetty.server.Server  - jetty-9.4.10.v20180503; built: 2018-05-03T15:56:21.710Z; git: daa59876e6f384329b122929e70a80934569428c; jvm 1.8.0_162-b12
11:53:38.866 [nREPL-worker-0] INFO  o.e.j.server.handler.ContextHandler  - Started o.e.j.s.ServletContextHandler@1c2b94ed{/,null,AVAILABLE}
11:53:38.906 [nREPL-worker-0] INFO  o.e.jetty.server.AbstractConnector  - Started ServerConnector@4bfbc517{HTTP/1.1,[http/1.1, h2c]}{localhost:3701}
11:53:38.906 [nREPL-worker-0] INFO  org.eclipse.jetty.server.Server  - Started @14088ms
11:55:08.560 [nREPL-worker-0] INFO  org.eclipse.jetty.server.Server  - jetty-9.4.10.v20180503; built: 2018-05-03T15:56:21.710Z; git: daa59876e6f384329b122929e70a80934569428c; jvm 1.8.0_162-b12
11:55:08.562 [nREPL-worker-0] INFO  o.e.j.server.handler.ContextHandler  - Started o.e.j.s.ServletContextHandler@4cca8173{/,null,AVAILABLE}
11:57:09.318 [qtp1878225987-26] INFO  io.pedestal.http  - {:msg "GET /db/schema", :line 80}
11:57:56.212 [qtp1878225987-20] INFO  io.pedestal.http  - {:msg "GET /hello", :line 80}
11:57:56.830 [qtp1878225987-24] INFO  io.pedestal.http  - {:msg "GET /favicon.ico", :line 80}
11:58:27.148 [main] INFO  org.eclipse.jetty.util.log  - Logging initialized @4750ms to org.eclipse.jetty.util.log.Slf4jLog
11:58:40.555 [nREPL-worker-0] INFO  org.eclipse.jetty.server.Server  - jetty-9.4.10.v20180503; built: 2018-05-03T15:56:21.710Z; git: daa59876e6f384329b122929e70a80934569428c; jvm 1.8.0_162-b12
11:58:40.591 [nREPL-worker-0] INFO  o.e.j.server.handler.ContextHandler  - Started o.e.j.s.ServletContextHandler@41514000{/,null,AVAILABLE}
11:58:40.623 [nREPL-worker-0] INFO  o.e.jetty.server.AbstractConnector  - Started ServerConnector@1698ae85{HTTP/1.1,[http/1.1, h2c]}{localhost:3701}
11:58:40.624 [nREPL-worker-0] INFO  org.eclipse.jetty.server.Server  - Started @18227ms
11:58:43.550 [qtp1420399124-26] INFO  io.pedestal.http  - {:msg "GET /hello", :line 80}
11:58:43.555 [qtp1420399124-26] INFO  io.pedestal.http.cors  - {:msg "cors request processing", :origin "", :allowed true, :line 84}
11:58:43.568 [qtp1420399124-26] INFO  io.pedestal.http.cors  - {:msg "cors response processing", :cors-headers {"Access-Control-Allow-Origin" "", "Access-Control-Allow-Credentials" "true", "Access-Control-Expose-Headers" "Strict-Transport-Security, X-Frame-Options, X-Content-Type-Options, X-Xss-Protection, X-Download-Options, X-Permitted-Cross-Domain-Policies, Content-Security-Policy, Content-Type"}, :line 111}
12:03:35.483 [main] INFO  org.eclipse.jetty.util.log  - Logging initialized @3238ms to org.eclipse.jetty.util.log.Slf4jLog
12:09:57.763 [main] INFO  org.eclipse.jetty.util.log  - Logging initialized @2911ms to org.eclipse.jetty.util.log.Slf4jLog
12:21:17.370 [main] INFO  org.eclipse.jetty.util.log  - Logging initialized @3049ms to org.eclipse.jetty.util.log.Slf4jLog
12:23:56.995 [main] INFO  org.eclipse.jetty.util.log  - Logging initialized @2939ms to org.eclipse.jetty.util.log.Slf4jLog
13:19:10.992 [main] INFO  org.eclipse.jetty.util.log  - Logging initialized @4732ms to org.eclipse.jetty.util.log.Slf4jLog
14:24:56.524 [main] INFO  org.eclipse.jetty.util.log  - Logging initialized @4866ms to org.eclipse.jetty.util.log.Slf4jLog
20:47:20.178 [main] INFO  org.eclipse.jetty.util.log  - Logging initialized @3077ms to org.eclipse.jetty.util.log.Slf4jLog
20:49:27.142 [nREPL-worker-1] INFO  org.eclipse.jetty.server.Server  - jetty-9.4.10.v20180503; built: 2018-05-03T15:56:21.710Z; git: daa59876e6f384329b122929e70a80934569428c; jvm 1.8.0_162-b12
20:49:27.194 [nREPL-worker-1] INFO  o.e.j.server.handler.ContextHandler  - Started o.e.j.s.ServletContextHandler@25b07d85{/,null,AVAILABLE}
20:49:27.234 [nREPL-worker-1] INFO  o.e.jetty.server.AbstractConnector  - Started ServerConnector@46ab374{HTTP/1.1,[http/1.1, h2c]}{localhost:3701}
20:49:27.235 [nREPL-worker-1] INFO  org.eclipse.jetty.server.Server  - Started @130138ms
20:49:38.433 [qtp1847559273-36] INFO  io.pedestal.http  - {:msg "GET /user/nonce", :line 80}
20:49:41.286 [qtp1847559273-30] INFO  io.pedestal.http  - {:msg "GET /user/nonce", :line 80}
20:49:43.916 [qtp1847559273-35] INFO  io.pedestal.http  - {:msg "GET /user/nonce", :line 80}
20:50:16.888 [nREPL-worker-1] INFO  org.eclipse.jetty.server.Server  - jetty-9.4.10.v20180503; built: 2018-05-03T15:56:21.710Z; git: daa59876e6f384329b122929e70a80934569428c; jvm 1.8.0_162-b12
20:50:16.889 [nREPL-worker-1] INFO  o.e.j.server.handler.ContextHandler  - Started o.e.j.s.ServletContextHandler@6c9294b5{/,null,AVAILABLE}
20:50:33.620 [main] INFO  org.eclipse.jetty.util.log  - Logging initialized @3009ms to org.eclipse.jetty.util.log.Slf4jLog
20:50:38.986 [nREPL-worker-0] INFO  org.eclipse.jetty.server.Server  - jetty-9.4.10.v20180503; built: 2018-05-03T15:56:21.710Z; git: daa59876e6f384329b122929e70a80934569428c; jvm 1.8.0_162-b12
20:50:39.012 [nREPL-worker-0] INFO  o.e.j.server.handler.ContextHandler  - Started o.e.j.s.ServletContextHandler@18325356{/,null,AVAILABLE}
20:50:39.035 [nREPL-worker-0] INFO  o.e.jetty.server.AbstractConnector  - Started ServerConnector@1f946891{HTTP/1.1,[http/1.1, h2c]}{localhost:3701}
20:50:39.035 [nREPL-worker-0] INFO  org.eclipse.jetty.server.Server  - Started @8426ms
20:50:57.344 [qtp1496554029-27] INFO  io.pedestal.http  - {:msg "GET /user/nonce", :line 80}
20:50:57.353 [qtp1496554029-27] INFO  io.pedestal.http.cors  - {:msg "cors request processing", :origin "", :allowed true, :line 84}
20:50:57.408 [qtp1496554029-27] INFO  io.pedestal.http.cors  - {:msg "cors response processing", :cors-headers {"Access-Control-Allow-Origin" "", "Access-Control-Allow-Credentials" "true", "Access-Control-Expose-Headers" "Strict-Transport-Security, X-Frame-Options, X-Content-Type-Options, X-Xss-Protection, X-Download-Options, X-Permitted-Cross-Domain-Policies, Content-Security-Policy, Content-Type"}, :line 111}
20:52:10.172 [qtp1496554029-27] INFO  io.pedestal.http  - {:msg "GET /user/nonce", :line 80}
20:52:10.181 [qtp1496554029-27] INFO  io.pedestal.http.cors  - {:msg "cors request processing", :origin "", :allowed true, :line 84}
20:52:10.189 [qtp1496554029-27] INFO  io.pedestal.http.cors  - {:msg "cors response processing", :cors-headers {"Access-Control-Allow-Origin" "", "Access-Control-Allow-Credentials" "true", "Access-Control-Expose-Headers" "Strict-Transport-Security, X-Frame-Options, X-Content-Type-Options, X-Xss-Protection, X-Download-Options, X-Permitted-Cross-Domain-Policies, Content-Security-Policy, Content-Type"}, :line 111}
20:52:23.917 [main] INFO  org.eclipse.jetty.util.log  - Logging initialized @3032ms to org.eclipse.jetty.util.log.Slf4jLog
20:52:31.890 [nREPL-worker-0] INFO  org.eclipse.jetty.server.Server  - jetty-9.4.10.v20180503; built: 2018-05-03T15:56:21.710Z; git: daa59876e6f384329b122929e70a80934569428c; jvm 1.8.0_162-b12
20:52:31.919 [nREPL-worker-0] INFO  o.e.j.server.handler.ContextHandler  - Started o.e.j.s.ServletContextHandler@f20d5b5{/,null,AVAILABLE}
20:52:31.943 [nREPL-worker-0] INFO  o.e.jetty.server.AbstractConnector  - Started ServerConnector@6376350b{HTTP/1.1,[http/1.1, h2c]}{localhost:3701}
20:52:31.943 [nREPL-worker-0] INFO  org.eclipse.jetty.server.Server  - Started @11060ms
20:52:35.921 [qtp469069719-27] INFO  io.pedestal.http  - {:msg "GET /user/nonce", :line 80}
20:52:35.923 [qtp469069719-27] INFO  io.pedestal.http.cors  - {:msg "cors request processing", :origin "", :allowed true, :line 84}
20:52:35.976 [qtp469069719-27] INFO  io.pedestal.http.cors  - {:msg "cors response processing", :cors-headers {"Access-Control-Allow-Origin" "", "Access-Control-Allow-Credentials" "true", "Access-Control-Expose-Headers" "Strict-Transport-Security, X-Frame-Options, X-Content-Type-Options, X-Xss-Protection, X-Download-Options, X-Permitted-Cross-Domain-Policies, Content-Security-Policy, Content-Type"}, :line 111}
20:53:22.549 [main] INFO  org.eclipse.jetty.util.log  - Logging initialized @3039ms to org.eclipse.jetty.util.log.Slf4jLog
20:53:32.620 [nREPL-worker-0] INFO  org.eclipse.jetty.server.Server  - jetty-9.4.10.v20180503; built: 2018-05-03T15:56:21.710Z; git: daa59876e6f384329b122929e70a80934569428c; jvm 1.8.0_162-b12
20:53:32.645 [nREPL-worker-0] INFO  o.e.j.server.handler.ContextHandler  - Started o.e.j.s.ServletContextHandler@18325356{/,null,AVAILABLE}
20:53:32.668 [nREPL-worker-0] INFO  o.e.jetty.server.AbstractConnector  - Started ServerConnector@4a83f2c3{HTTP/1.1,[http/1.1, h2c]}{localhost:3701}
20:53:32.669 [nREPL-worker-0] INFO  org.eclipse.jetty.server.Server  - Started @13161ms
20:53:37.086 [qtp1496554029-28] INFO  io.pedestal.http  - {:msg "GET /user/nonce", :line 80}
20:53:37.088 [qtp1496554029-28] INFO  io.pedestal.http.cors  - {:msg "cors request processing", :origin "", :allowed true, :line 84}
20:53:37.139 [qtp1496554029-28] INFO  io.pedestal.http.cors  - {:msg "cors response processing", :cors-headers {"Access-Control-Allow-Origin" "", "Access-Control-Allow-Credentials" "true", "Access-Control-Expose-Headers" "Strict-Transport-Security, X-Frame-Options, X-Content-Type-Options, X-Xss-Protection, X-Download-Options, X-Permitted-Cross-Domain-Policies, Content-Security-Policy, Content-Type"}, :line 111}
20:54:22.672 [main] INFO  org.eclipse.jetty.util.log  - Logging initialized @3050ms to org.eclipse.jetty.util.log.Slf4jLog
20:54:30.773 [nREPL-worker-0] INFO  org.eclipse.jetty.server.Server  - jetty-9.4.10.v20180503; built: 2018-05-03T15:56:21.710Z; git: daa59876e6f384329b122929e70a80934569428c; jvm 1.8.0_162-b12
20:54:30.803 [nREPL-worker-0] INFO  o.e.j.server.handler.ContextHandler  - Started o.e.j.s.ServletContextHandler@6ce87d2d{/,null,AVAILABLE}
20:54:30.827 [nREPL-worker-0] INFO  o.e.jetty.server.AbstractConnector  - Started ServerConnector@6382fd8e{HTTP/1.1,[http/1.1, h2c]}{localhost:3701}
20:54:30.828 [nREPL-worker-0] INFO  org.eclipse.jetty.server.Server  - Started @11208ms
20:54:33.547 [qtp697277645-27] INFO  io.pedestal.http  - {:msg "GET /user/nonce", :line 80}
20:54:33.550 [qtp697277645-27] INFO  io.pedestal.http.cors  - {:msg "cors request processing", :origin "", :allowed true, :line 84}
20:54:33.603 [qtp697277645-27] INFO  io.pedestal.http.cors  - {:msg "cors response processing", :cors-headers {"Access-Control-Allow-Origin" "", "Access-Control-Allow-Credentials" "true", "Access-Control-Expose-Headers" "Strict-Transport-Security, X-Frame-Options, X-Content-Type-Options, X-Xss-Protection, X-Download-Options, X-Permitted-Cross-Domain-Policies, Content-Security-Policy, Content-Type"}, :line 111}
20:55:53.653 [qtp697277645-22] INFO  io.pedestal.http  - {:msg "GET /user/nonce", :line 80}
20:55:53.653 [qtp697277645-22] INFO  io.pedestal.http.cors  - {:msg "cors request processing", :origin "", :allowed true, :line 84}
20:55:53.660 [qtp697277645-22] INFO  io.pedestal.http.cors  - {:msg "cors response processing", :cors-headers {"Access-Control-Allow-Origin" "", "Access-Control-Allow-Credentials" "true", "Access-Control-Expose-Headers" "Strict-Transport-Security, X-Frame-Options, X-Content-Type-Options, X-Xss-Protection, X-Download-Options, X-Permitted-Cross-Domain-Policies, Content-Security-Policy, Content-Type"}, :line 111}
