15:25:00.417 [main] INFO  org.eclipse.jetty.util.log  - Logging initialized @9264ms to org.eclipse.jetty.util.log.Slf4jLog
15:25:26.869 [nREPL-worker-0] INFO  org.eclipse.jetty.server.Server  - jetty-9.4.10.v20180503; built: 2018-05-03T15:56:21.710Z; git: daa59876e6f384329b122929e70a80934569428c; jvm 1.8.0_162-b12
15:25:26.930 [nREPL-worker-0] INFO  o.e.j.server.handler.ContextHandler  - Started o.e.j.s.ServletContextHandler@7560867d{/,null,AVAILABLE}
15:25:26.964 [nREPL-worker-0] INFO  o.e.jetty.server.AbstractConnector  - Started ServerConnector@590e9fb{HTTP/1.1,[http/1.1, h2c]}{localhost:3701}
15:25:26.965 [nREPL-worker-0] INFO  org.eclipse.jetty.server.Server  - Started @35816ms
15:25:50.483 [qtp70990904-27] INFO  io.pedestal.http  - {:msg "GET /", :line 80}
15:25:50.489 [qtp70990904-27] INFO  io.pedestal.http.cors  - {:msg "cors request processing", :origin "", :allowed true, :line 84}
15:25:50.499 [qtp70990904-27] INFO  io.pedestal.http.cors  - {:msg "cors response processing", :cors-headers {"Access-Control-Allow-Origin" "", "Access-Control-Allow-Credentials" "true", "Access-Control-Expose-Headers" "Strict-Transport-Security, X-Frame-Options, X-Content-Type-Options, X-Xss-Protection, X-Download-Options, X-Permitted-Cross-Domain-Policies, Content-Security-Policy"}, :line 111}
15:25:51.208 [qtp70990904-21] INFO  io.pedestal.http  - {:msg "GET /favicon.ico", :line 80}
15:25:51.209 [qtp70990904-21] INFO  io.pedestal.http.cors  - {:msg "cors request processing", :origin "", :allowed true, :line 84}
15:25:51.214 [qtp70990904-21] INFO  io.pedestal.http.cors  - {:msg "cors response processing", :cors-headers {"Access-Control-Allow-Origin" "", "Access-Control-Allow-Credentials" "true", "Access-Control-Expose-Headers" ""}, :line 111}
15:26:15.815 [qtp70990904-26] INFO  io.pedestal.http  - {:msg "GET /xzero-echo", :line 80}
15:26:15.815 [qtp70990904-26] INFO  io.pedestal.http.cors  - {:msg "cors request processing", :origin "", :allowed true, :line 84}
15:26:15.822 [qtp70990904-26] INFO  io.pedestal.http.cors  - {:msg "cors response processing", :cors-headers {"Access-Control-Allow-Origin" "", "Access-Control-Allow-Credentials" "true", "Access-Control-Expose-Headers" "Strict-Transport-Security, X-Frame-Options, X-Content-Type-Options, X-Xss-Protection, X-Download-Options, X-Permitted-Cross-Domain-Policies, Content-Security-Policy"}, :line 111}
16:14:47.558 [qtp70990904-35] INFO  io.pedestal.http  - {:msg "GET /xzeros-hello", :line 80}
16:14:47.561 [qtp70990904-35] INFO  io.pedestal.http.cors  - {:msg "cors request processing", :origin "", :allowed true, :line 84}
16:14:47.575 [qtp70990904-35] INFO  io.pedestal.http.cors  - {:msg "cors response processing", :cors-headers {"Access-Control-Allow-Origin" "", "Access-Control-Allow-Credentials" "true", "Access-Control-Expose-Headers" ""}, :line 111}
16:15:02.954 [qtp70990904-27] INFO  io.pedestal.http  - {:msg "GET /hello", :line 80}
16:15:02.955 [qtp70990904-27] INFO  io.pedestal.http.cors  - {:msg "cors request processing", :origin "", :allowed true, :line 84}
16:15:02.975 [qtp70990904-27] INFO  io.pedestal.http.cors  - {:msg "cors response processing", :cors-headers {"Access-Control-Allow-Origin" "", "Access-Control-Allow-Credentials" "true", "Access-Control-Expose-Headers" "Strict-Transport-Security, X-Frame-Options, X-Content-Type-Options, X-Xss-Protection, X-Download-Options, X-Permitted-Cross-Domain-Policies, Content-Security-Policy, Content-Type"}, :line 111}
16:25:31.200 [qtp70990904-26] INFO  io.pedestal.http  - {:msg "GET /xzeros/hello", :line 80}
16:25:31.201 [qtp70990904-26] INFO  io.pedestal.http.cors  - {:msg "cors request processing", :origin "", :allowed true, :line 84}
16:25:31.205 [qtp70990904-26] INFO  io.pedestal.http.cors  - {:msg "cors response processing", :cors-headers {"Access-Control-Allow-Origin" "", "Access-Control-Allow-Credentials" "true", "Access-Control-Expose-Headers" ""}, :line 111}
16:29:14.858 [qtp70990904-38] INFO  io.pedestal.http  - {:msg "GET /hello", :line 80}
16:29:14.858 [qtp70990904-38] INFO  io.pedestal.http.cors  - {:msg "cors request processing", :origin "", :allowed true, :line 84}
16:29:14.862 [qtp70990904-38] INFO  io.pedestal.http.cors  - {:msg "cors response processing", :cors-headers {"Access-Control-Allow-Origin" "", "Access-Control-Allow-Credentials" "true", "Access-Control-Expose-Headers" "Strict-Transport-Security, X-Frame-Options, X-Content-Type-Options, X-Xss-Protection, X-Download-Options, X-Permitted-Cross-Domain-Policies, Content-Security-Policy, Content-Type"}, :line 111}
16:39:11.450 [main] INFO  org.eclipse.jetty.util.log  - Logging initialized @10713ms to org.eclipse.jetty.util.log.Slf4jLog
16:47:05.558 [main] INFO  org.eclipse.jetty.util.log  - Logging initialized @2564ms to org.eclipse.jetty.util.log.Slf4jLog
16:47:05.805 [main] INFO  org.eclipse.jetty.server.Server  - jetty-9.4.z-SNAPSHOT; built: 2018-05-03T15:56:21.710Z; git: daa59876e6f384329b122929e70a80934569428c; jvm 1.8.0_162-b12
16:47:05.834 [main] INFO  o.e.j.server.handler.ContextHandler  - Started o.e.j.s.ServletContextHandler@55b5cd2b{/,null,AVAILABLE}
16:47:05.867 [main] INFO  o.e.jetty.server.AbstractConnector  - Started ServerConnector@5b40de43{HTTP/1.1,[http/1.1, h2c]}{localhost:3701}
16:47:05.867 [main] INFO  org.eclipse.jetty.server.Server  - Started @2876ms
16:47:47.294 [qtp1794705481-20] INFO  io.pedestal.http  - {:msg "GET /", :line 80}
